2025-02-18 08:02:50,566 - __main__ - INFO - Starting batch generation of 10 files.
2025-02-18 08:02:50,566 - __main__ - INFO - Files distribution across levels: {1: 5, 2: 5}
2025-02-18 08:02:50,566 - __main__ - INFO - Generating 5 files for Level 1.
2025-02-18 08:02:50,567 - noise_pipeline.random_noise_pipeline - INFO - Added Shape: trapezoid -> TrapezoidDBShape({'freq_min': 5538.134335414648, 'freq_max': 7484.6296691641965, 'time_min': 1.0276432812645644, 'time_max': 2.8787832338408315, 'slope_freq': 0.3484986270567614, 'slope_time': 1.2619224180269903, 'strength_dB': 26.125343944461008})
2025-02-18 08:02:50,575 - __main__ - INFO - Achieved desired complexity level: 1 for file_id level_1_000000001
2025-02-18 08:02:50,779 - __main__ - INFO - Saved spectrogram with axes to augmentation/output/linear_spectrogram_with_axes/automated_linear_spectrogram_with_axes_level_1_000000001.png, spectrogram without axes to augmentation/output/linear_spectrogram_no_axes/automated_linear_spectrogram_no_axes_level_1_000000001.png, reconstructed audio to augmentation/output/audio/automated_audio_level_1_000000001.wav, and JSON metadata to augmentation/output/json/automated_audio_level_1_000000001.json.
2025-02-18 08:02:50,779 - noise_pipeline.random_noise_pipeline - INFO - Added Shape: horizontal_range_dist_db -> HorizontalRangeDistributionDBShape({'freq_min': 3083.8935191280425, 'freq_max': 3183.8935191280425, 'strength_dB': 20.338805138046364, 'distribution': 'gaussian', 'distribution_params': {'sigma': 1036.6662988033752}})
2025-02-18 08:02:50,783 - __main__ - INFO - Achieved desired complexity level: 1 for file_id level_1_000000002
2025-02-18 08:02:50,896 - __main__ - INFO - Saved spectrogram with axes to augmentation/output/linear_spectrogram_with_axes/automated_linear_spectrogram_with_axes_level_1_000000002.png, spectrogram without axes to augmentation/output/linear_spectrogram_no_axes/automated_linear_spectrogram_no_axes_level_1_000000002.png, reconstructed audio to augmentation/output/audio/automated_audio_level_1_000000002.wav, and JSON metadata to augmentation/output/json/automated_audio_level_1_000000002.json.
2025-02-18 08:02:50,897 - noise_pipeline.random_noise_pipeline - INFO - Added Shape: horizontal_line -> HorizontalLineDBShape({'center_freq': 758.9467186446122, 'strength_dB': 34.26900785922725, 'thickness': 1})
2025-02-18 08:02:50,899 - __main__ - INFO - Achieved desired complexity level: 1 for file_id level_1_000000003
2025-02-18 08:02:51,007 - __main__ - INFO - Saved spectrogram with axes to augmentation/output/linear_spectrogram_with_axes/automated_linear_spectrogram_with_axes_level_1_000000003.png, spectrogram without axes to augmentation/output/linear_spectrogram_no_axes/automated_linear_spectrogram_no_axes_level_1_000000003.png, reconstructed audio to augmentation/output/audio/automated_audio_level_1_000000003.wav, and JSON metadata to augmentation/output/json/automated_audio_level_1_000000003.json.
2025-02-18 08:02:51,008 - noise_pipeline.random_noise_pipeline - INFO - Added Shape: rectangle -> RectangleDBShape({'freq_min': 1751.28173200119, 'freq_max': 5190.299255018284, 'time_min': 1.3594430104025115, 'time_max': 2.7413376466189243, 'strength_dB': 20.34920558058935})
2025-02-18 08:02:51,011 - __main__ - INFO - Achieved desired complexity level: 1 for file_id level_1_000000004
2025-02-18 08:02:51,121 - __main__ - INFO - Saved spectrogram with axes to augmentation/output/linear_spectrogram_with_axes/automated_linear_spectrogram_with_axes_level_1_000000004.png, spectrogram without axes to augmentation/output/linear_spectrogram_no_axes/automated_linear_spectrogram_no_axes_level_1_000000004.png, reconstructed audio to augmentation/output/audio/automated_audio_level_1_000000004.wav, and JSON metadata to augmentation/output/json/automated_audio_level_1_000000004.json.
2025-02-18 08:02:51,121 - noise_pipeline.random_noise_pipeline - INFO - Added Shape: horizontal_range_dist_db -> HorizontalRangeDistributionDBShape({'freq_min': 4018.3038244612844, 'freq_max': 4118.303824461284, 'strength_dB': 25.345928604535775, 'distribution': 'gaussian', 'distribution_params': {'sigma': 1078.1305509766823}})
2025-02-18 08:02:51,124 - __main__ - INFO - Achieved desired complexity level: 1 for file_id level_1_000000005
2025-02-18 08:02:51,231 - __main__ - INFO - Saved spectrogram with axes to augmentation/output/linear_spectrogram_with_axes/automated_linear_spectrogram_with_axes_level_1_000000005.png, spectrogram without axes to augmentation/output/linear_spectrogram_no_axes/automated_linear_spectrogram_no_axes_level_1_000000005.png, reconstructed audio to augmentation/output/audio/automated_audio_level_1_000000005.wav, and JSON metadata to augmentation/output/json/automated_audio_level_1_000000005.json.
2025-02-18 08:02:51,231 - __main__ - INFO - Generating 5 files for Level 2.
2025-02-18 08:02:51,231 - noise_pipeline.random_noise_pipeline - INFO - Added Shape: vertical_line -> VerticalLineDBShape({'center_time': 1.4935675484285476, 'strength_dB': 22.344609133147816, 'thickness': 2})
2025-02-18 08:02:51,231 - noise_pipeline.random_noise_pipeline - INFO - Added Shape: horizontal_line -> HorizontalLineDBShape({'center_freq': 5434.951680770731, 'strength_dB': 35.47591538925913, 'thickness': 3})
2025-02-18 08:02:51,231 - noise_pipeline.random_noise_pipeline - INFO - Added Pattern: n_linear_repeat_t_sleep -> NLinearRepeatTSleepPattern({'shape_name': 'rectangle', 'shape_params': {'strength_dB': 29.823507535960132, 'freq_min': 1052.0588400478168, 'freq_max': 2772.6987986909803, 'time_min': 0.3803395780603285, 'time_max': 2.5461944585723177}, 'repeat': 3, 'repeat_time': 0.5, 'repeat_hz': 500.0, 'sleep_time': 1.0, 'start_time': 0.0, 'direction': 'time'})
2025-02-18 08:02:51,236 - __main__ - INFO - Achieved desired complexity level: 2 for file_id level_2_000000006
2025-02-18 08:02:51,378 - __main__ - INFO - Saved spectrogram with axes to augmentation/output/linear_spectrogram_with_axes/automated_linear_spectrogram_with_axes_level_2_000000006.png, spectrogram without axes to augmentation/output/linear_spectrogram_no_axes/automated_linear_spectrogram_no_axes_level_2_000000006.png, reconstructed audio to augmentation/output/audio/automated_audio_level_2_000000006.wav, and JSON metadata to augmentation/output/json/automated_audio_level_2_000000006.json.
2025-02-18 08:02:51,378 - noise_pipeline.random_noise_pipeline - INFO - Added Shape: vertical_spike -> VerticalSpikeDBShape({'center_freq': 1.762910266061235, 'center_time': 0.5516766702226024, 'radius_freq': 800.1449643160347, 'radius_time': 0.22490408077641189, 'strength_dB': 39.54540592970972})
2025-02-18 08:02:51,378 - noise_pipeline.random_noise_pipeline - INFO - Added Shape: horizontal_spike -> HorizontalSpikeDBShape({'center_freq': 1852.4133619450608, 'center_time': 2.0413375095003636, 'radius_freq': 38.989760571361245, 'radius_time': 0.13659546695209057, 'strength_dB': 28.63252774496399})
2025-02-18 08:02:51,378 - noise_pipeline.random_noise_pipeline - INFO - Added Pattern: n_linear_repeat_t_sleep -> NLinearRepeatTSleepPattern({'shape_name': 'trapezoid', 'shape_params': {'strength_dB': 30.12062357701482, 'freq_min': 5720.277934521292, 'freq_max': 6641.4538632393405, 'time_min': 0.48417167064851196, 'time_max': 2.425260353504326, 'slope_freq': 0.8035948442672054, 'slope_time': 0.5476570917293526}, 'repeat': 3, 'repeat_time': 0.5, 'repeat_hz': 500.0, 'sleep_time': 1.0, 'start_time': 0.0, 'direction': 'time'})
2025-02-18 08:02:51,388 - __main__ - INFO - Achieved desired complexity level: 2 for file_id level_2_000000007
2025-02-18 08:02:51,492 - __main__ - INFO - Saved spectrogram with axes to augmentation/output/linear_spectrogram_with_axes/automated_linear_spectrogram_with_axes_level_2_000000007.png, spectrogram without axes to augmentation/output/linear_spectrogram_no_axes/automated_linear_spectrogram_no_axes_level_2_000000007.png, reconstructed audio to augmentation/output/audio/automated_audio_level_2_000000007.wav, and JSON metadata to augmentation/output/json/automated_audio_level_2_000000007.json.
2025-02-18 08:02:51,492 - noise_pipeline.random_noise_pipeline - INFO - Added Shape: vertical_range_dist_db -> VerticalRangeDistributionDBShape({'time_min': 0.19016946955588052, 'time_max': 2.474219570780521, 'strength_dB': 35.3839907709555, 'distribution': 'gaussian', 'distribution_params': {'sigma': 1.7514158797816917}})
2025-02-18 08:02:51,492 - noise_pipeline.random_noise_pipeline - INFO - Added Shape: vertical_line -> VerticalLineDBShape({'center_time': 0.8406725394511807, 'strength_dB': 39.691950624199535, 'thickness': 2})
2025-02-18 08:02:51,492 - noise_pipeline.random_noise_pipeline - INFO - Added Pattern: n_linear_repeat_t_sleep -> NLinearRepeatTSleepPattern({'shape_name': 'horizontal_spike', 'shape_params': {'strength_dB': 39.93309138369894, 'center_freq': 5676.862085476752, 'center_time': 1.878813021339527, 'radius_freq': 60.023776608480574, 'radius_time': 0.2476850802656518}, 'repeat': 3, 'repeat_time': 0.5, 'repeat_hz': 500.0, 'sleep_time': 1.0, 'start_time': 0.0, 'direction': 'freq'})
2025-02-18 08:02:51,497 - __main__ - INFO - Achieved desired complexity level: 2 for file_id level_2_000000008
2025-02-18 08:02:51,600 - __main__ - INFO - Saved spectrogram with axes to augmentation/output/linear_spectrogram_with_axes/automated_linear_spectrogram_with_axes_level_2_000000008.png, spectrogram without axes to augmentation/output/linear_spectrogram_no_axes/automated_linear_spectrogram_no_axes_level_2_000000008.png, reconstructed audio to augmentation/output/audio/automated_audio_level_2_000000008.wav, and JSON metadata to augmentation/output/json/automated_audio_level_2_000000008.json.
2025-02-18 08:02:51,600 - noise_pipeline.random_noise_pipeline - INFO - Added Shape: hill -> HillDBShape({'freq_center': 5839.106013793736, 'time_center': 1.7146529503716499, 'freq_width': 430.9493972639401, 'time_width': 2.7375998953524827, 'strength_dB': 24.08219581156305})
2025-02-18 08:02:51,600 - noise_pipeline.random_noise_pipeline - INFO - Added Shape: wave_pattern -> WavePatternDBShape({'axis': 'freq', 'frequency': 5.384052809735126, 'strength_dB': 29.678005641045})
2025-02-18 08:02:51,600 - noise_pipeline.random_noise_pipeline - INFO - Added Pattern: linear -> LinearPattern({'shape_name': 'vertical_line', 'shape_params': {'strength_dB': 21.630042443623392, 'center_time': 1.6123259239668242, 'thickness': 1}, 'direction': 'time', 'repeat': 3, 'spacing': 1.0})
2025-02-18 08:02:51,603 - __main__ - INFO - Achieved desired complexity level: 2 for file_id level_2_000000009
2025-02-18 08:02:51,706 - __main__ - INFO - Saved spectrogram with axes to augmentation/output/linear_spectrogram_with_axes/automated_linear_spectrogram_with_axes_level_2_000000009.png, spectrogram without axes to augmentation/output/linear_spectrogram_no_axes/automated_linear_spectrogram_no_axes_level_2_000000009.png, reconstructed audio to augmentation/output/audio/automated_audio_level_2_000000009.wav, and JSON metadata to augmentation/output/json/automated_audio_level_2_000000009.json.
2025-02-18 08:02:51,706 - noise_pipeline.random_noise_pipeline - INFO - Added Shape: horizontal_range_dist_db -> HorizontalRangeDistributionDBShape({'freq_min': 655.0062495382967, 'freq_max': 755.0062495382967, 'strength_dB': 27.108863512521502, 'distribution': 'gaussian', 'distribution_params': {'sigma': 1035.7730288977696}})
2025-02-18 08:02:51,706 - noise_pipeline.random_noise_pipeline - INFO - Added Shape: circle -> CircleDBShape({'center_freq': 2709.5234750023055, 'center_time': 2.195141862450372, 'radius_freq': 1403.8124513425998, 'radius_time': 2.9462610123506194, 'strength_dB': 30.0011926428024})
2025-02-18 08:02:51,706 - noise_pipeline.random_noise_pipeline - INFO - Added Pattern: linear -> LinearPattern({'shape_name': 'horizontal_spike', 'shape_params': {'strength_dB': 31.58717008321235, 'center_freq': 7640.820069748976, 'center_time': 1.074254032350483, 'radius_freq': 31.99030585348813, 'radius_time': 0.11682646907404802}, 'direction': 'freq', 'repeat': 3, 'spacing': 1.0})
2025-02-18 08:02:51,712 - __main__ - INFO - Achieved desired complexity level: 2 for file_id level_2_000000010
2025-02-18 08:02:51,814 - __main__ - INFO - Saved spectrogram with axes to augmentation/output/linear_spectrogram_with_axes/automated_linear_spectrogram_with_axes_level_2_000000010.png, spectrogram without axes to augmentation/output/linear_spectrogram_no_axes/automated_linear_spectrogram_no_axes_level_2_000000010.png, reconstructed audio to augmentation/output/audio/automated_audio_level_2_000000010.wav, and JSON metadata to augmentation/output/json/automated_audio_level_2_000000010.json.
2025-02-18 08:03:57,777 - __main__ - INFO - Starting batch generation of 10 files.
2025-02-18 08:03:57,778 - __main__ - INFO - Files distribution across levels: {1: 5, 2: 5}
2025-02-18 08:03:57,778 - __main__ - INFO - Generating 5 files for Level 1.
2025-02-18 08:03:57,779 - noise_pipeline.random_noise_pipeline - INFO - Added Shape: polygon -> PolygonDBShape({'vertices': [[1224.4403772496137, 0.9075801744551109], [1177.6466534775668, 1.357806910431215], [1241.3744473591466, 1.604667531242789], [1160.464645926972, 0.46801845756458366], [1160.4638219061721, 1.6598930488925308], [775.0541256435315, 0.8269426875841044], [722.8973648322233, 1.4067639666851068], [1048.3799282443224, 0.9426879421460154]], 'strength_dB': 31.782000148709486})
2025-02-18 08:03:57,786 - __main__ - INFO - Achieved desired complexity level: 1 for file_id level_1_000000001
2025-02-18 08:03:58,157 - __main__ - INFO - Saved spectrogram with axes to augmentation/output/linear_spectrogram_with_axes/automated_linear_spectrogram_with_axes_level_1_000000001.png, spectrogram without axes to augmentation/output/linear_spectrogram_no_axes/automated_linear_spectrogram_no_axes_level_1_000000001.png, reconstructed audio to augmentation/output/audio/automated_audio_level_1_000000001.wav, and JSON metadata to augmentation/output/json/automated_audio_level_1_000000001.json.
2025-02-18 08:03:58,157 - noise_pipeline.random_noise_pipeline - INFO - Added Shape: horizontal_spike -> HorizontalSpikeDBShape({'center_freq': 5806.7285010336045, 'center_time': 0.7552524417837416, 'radius_freq': 73.76937962093459, 'radius_time': 0.06404012866667934, 'strength_dB': 31.83571435770735})
2025-02-18 08:03:58,168 - __main__ - INFO - Achieved desired complexity level: 1 for file_id level_1_000000002
2025-02-18 08:03:58,364 - __main__ - INFO - Saved spectrogram with axes to augmentation/output/linear_spectrogram_with_axes/automated_linear_spectrogram_with_axes_level_1_000000002.png, spectrogram without axes to augmentation/output/linear_spectrogram_no_axes/automated_linear_spectrogram_no_axes_level_1_000000002.png, reconstructed audio to augmentation/output/audio/automated_audio_level_1_000000002.wav, and JSON metadata to augmentation/output/json/automated_audio_level_1_000000002.json.
2025-02-18 08:03:58,364 - noise_pipeline.random_noise_pipeline - INFO - Added Shape: horizontal_range_dist_db -> HorizontalRangeDistributionDBShape({'freq_min': 3609.1885263624413, 'freq_max': 3709.1885263624413, 'strength_dB': 24.77193900027212, 'distribution': 'gaussian', 'distribution_params': {'sigma': 1022.8631017801106}})
2025-02-18 08:03:58,367 - __main__ - INFO - Achieved desired complexity level: 1 for file_id level_1_000000003
2025-02-18 08:03:58,513 - __main__ - INFO - Saved spectrogram with axes to augmentation/output/linear_spectrogram_with_axes/automated_linear_spectrogram_with_axes_level_1_000000003.png, spectrogram without axes to augmentation/output/linear_spectrogram_no_axes/automated_linear_spectrogram_no_axes_level_1_000000003.png, reconstructed audio to augmentation/output/audio/automated_audio_level_1_000000003.wav, and JSON metadata to augmentation/output/json/automated_audio_level_1_000000003.json.
2025-02-18 08:03:58,513 - noise_pipeline.random_noise_pipeline - INFO - Added Shape: wave_pattern -> WavePatternDBShape({'axis': 'freq', 'frequency': 2.673706440267009, 'strength_dB': 37.191515940860754})
2025-02-18 08:03:58,517 - __main__ - INFO - Achieved desired complexity level: 1 for file_id level_1_000000004
2025-02-18 08:03:58,658 - __main__ - INFO - Saved spectrogram with axes to augmentation/output/linear_spectrogram_with_axes/automated_linear_spectrogram_with_axes_level_1_000000004.png, spectrogram without axes to augmentation/output/linear_spectrogram_no_axes/automated_linear_spectrogram_no_axes_level_1_000000004.png, reconstructed audio to augmentation/output/audio/automated_audio_level_1_000000004.wav, and JSON metadata to augmentation/output/json/automated_audio_level_1_000000004.json.
2025-02-18 08:03:58,659 - noise_pipeline.random_noise_pipeline - INFO - Added Shape: hill -> HillDBShape({'freq_center': 2991.4636390913247, 'time_center': 1.1890738799139076, 'freq_width': 1131.8749172154714, 'time_width': 0.45519514907623004, 'strength_dB': 32.466212733756535})
2025-02-18 08:03:58,664 - __main__ - INFO - Achieved desired complexity level: 1 for file_id level_1_000000005
2025-02-18 08:03:58,809 - __main__ - INFO - Saved spectrogram with axes to augmentation/output/linear_spectrogram_with_axes/automated_linear_spectrogram_with_axes_level_1_000000005.png, spectrogram without axes to augmentation/output/linear_spectrogram_no_axes/automated_linear_spectrogram_no_axes_level_1_000000005.png, reconstructed audio to augmentation/output/audio/automated_audio_level_1_000000005.wav, and JSON metadata to augmentation/output/json/automated_audio_level_1_000000005.json.
2025-02-18 08:03:58,809 - __main__ - INFO - Generating 5 files for Level 2.
2025-02-18 08:03:58,810 - noise_pipeline.random_noise_pipeline - INFO - Added Shape: rectangle -> RectangleDBShape({'freq_min': 1486.0599709041624, 'freq_max': 1865.6206335484899, 'time_min': 0.22675844364952724, 'time_max': 2.4159215148867985, 'strength_dB': 35.168759551498766})
2025-02-18 08:03:58,810 - noise_pipeline.random_noise_pipeline - INFO - Added Shape: vertical_range_dist_db -> VerticalRangeDistributionDBShape({'time_min': 0.025362569159849108, 'time_max': 2.98557330947895, 'strength_dB': 26.83748072759878, 'distribution': 'gaussian', 'distribution_params': {'sigma': 1.2084268018475763}})
2025-02-18 08:03:58,810 - noise_pipeline.random_noise_pipeline - INFO - Added Pattern: n_linear_repeat_t_sleep -> NLinearRepeatTSleepPattern({'shape_name': 'horizontal_spike', 'shape_params': {'strength_dB': 21.825592118853063, 'center_freq': 2335.1883568246553, 'center_time': 1.9292160823609918, 'radius_freq': 73.34565993370018, 'radius_time': 0.05}, 'repeat': 3, 'repeat_time': 0.5, 'repeat_hz': 500.0, 'sleep_time': 1.0, 'start_time': 0.0, 'direction': 'freq'})
2025-02-18 08:03:58,815 - __main__ - INFO - Achieved desired complexity level: 2 for file_id level_2_000000006
2025-02-18 08:03:59,009 - __main__ - INFO - Saved spectrogram with axes to augmentation/output/linear_spectrogram_with_axes/automated_linear_spectrogram_with_axes_level_2_000000006.png, spectrogram without axes to augmentation/output/linear_spectrogram_no_axes/automated_linear_spectrogram_no_axes_level_2_000000006.png, reconstructed audio to augmentation/output/audio/automated_audio_level_2_000000006.wav, and JSON metadata to augmentation/output/json/automated_audio_level_2_000000006.json.
2025-02-18 08:03:59,009 - noise_pipeline.random_noise_pipeline - INFO - Added Shape: vertical_range_dist_db -> VerticalRangeDistributionDBShape({'time_min': 2.5858888535934503, 'time_max': 3.0, 'strength_dB': 20.375197316430118, 'distribution': 'gaussian', 'distribution_params': {'sigma': 1.5282137108666314}})
2025-02-18 08:03:59,009 - noise_pipeline.random_noise_pipeline - INFO - Added Shape: wave_pattern -> WavePatternDBShape({'axis': 'time', 'frequency': 7.069182535967327, 'strength_dB': 28.051479647668405})
2025-02-18 08:03:59,009 - noise_pipeline.random_noise_pipeline - INFO - Added Pattern: linear -> LinearPattern({'shape_name': 'horizontal_line', 'shape_params': {'strength_dB': 35.45405754869242, 'center_freq': 5658.942544968386, 'thickness': 3}, 'direction': 'freq', 'repeat': 3, 'spacing': 1.0})
2025-02-18 08:03:59,014 - __main__ - INFO - Achieved desired complexity level: 2 for file_id level_2_000000007
2025-02-18 08:03:59,204 - __main__ - INFO - Saved spectrogram with axes to augmentation/output/linear_spectrogram_with_axes/automated_linear_spectrogram_with_axes_level_2_000000007.png, spectrogram without axes to augmentation/output/linear_spectrogram_no_axes/automated_linear_spectrogram_no_axes_level_2_000000007.png, reconstructed audio to augmentation/output/audio/automated_audio_level_2_000000007.wav, and JSON metadata to augmentation/output/json/automated_audio_level_2_000000007.json.
2025-02-18 08:03:59,205 - noise_pipeline.random_noise_pipeline - INFO - Added Shape: rectangle -> RectangleDBShape({'freq_min': 642.6171213719894, 'freq_max': 1025.5768177375817, 'time_min': 1.5630124418011566, 'time_max': 2.282726018104092, 'strength_dB': 24.3507361405796})
2025-02-18 08:03:59,205 - noise_pipeline.random_noise_pipeline - INFO - Added Shape: vertical_spike -> VerticalSpikeDBShape({'center_freq': 6.711019117712876, 'center_time': 1.733594715685435, 'radius_freq': 2731.036683486018, 'radius_time': 0.1302591058634303, 'strength_dB': 23.05949705754898})
2025-02-18 08:03:59,205 - noise_pipeline.random_noise_pipeline - INFO - Added Pattern: n_linear_repeat_t_sleep -> NLinearRepeatTSleepPattern({'shape_name': 'circle', 'shape_params': {'strength_dB': 24.78581816583498, 'center_freq': 2652.4105348965377, 'center_time': 2.1877819025032657, 'radius_freq': 1191.4693878819342, 'radius_time': 0.4661983613863111}, 'repeat': 3, 'repeat_time': 0.5, 'repeat_hz': 500.0, 'sleep_time': 1.0, 'start_time': 0.0, 'direction': 'time'})
2025-02-18 08:03:59,212 - __main__ - INFO - Achieved desired complexity level: 2 for file_id level_2_000000008
2025-02-18 08:03:59,397 - __main__ - INFO - Saved spectrogram with axes to augmentation/output/linear_spectrogram_with_axes/automated_linear_spectrogram_with_axes_level_2_000000008.png, spectrogram without axes to augmentation/output/linear_spectrogram_no_axes/automated_linear_spectrogram_no_axes_level_2_000000008.png, reconstructed audio to augmentation/output/audio/automated_audio_level_2_000000008.wav, and JSON metadata to augmentation/output/json/automated_audio_level_2_000000008.json.
2025-02-18 08:03:59,397 - noise_pipeline.random_noise_pipeline - INFO - Added Shape: vertical_line -> VerticalLineDBShape({'center_time': 1.9230282445152334, 'strength_dB': 33.70382065839166, 'thickness': 2})
2025-02-18 08:03:59,397 - noise_pipeline.random_noise_pipeline - INFO - Added Shape: vertical_range_dist_db -> VerticalRangeDistributionDBShape({'time_min': 0.7644770799343537, 'time_max': 2.965210985297523, 'strength_dB': 25.952953331277342, 'distribution': 'gaussian', 'distribution_params': {'sigma': 1.2489193736675475}})
2025-02-18 08:03:59,397 - noise_pipeline.random_noise_pipeline - INFO - Added Pattern: linear -> LinearPattern({'shape_name': 'vertical_range_dist_db', 'shape_params': {'strength_dB': 27.53451792255933, 'time_min': 2.6410615662242725, 'time_max': 2.9942982960335596, 'distribution': 'gaussian', 'distribution_params': {'sigma': 1.8864842004978943}}, 'direction': 'freq', 'repeat': 3, 'spacing': 1.0})
2025-02-18 08:03:59,405 - __main__ - INFO - Achieved desired complexity level: 2 for file_id level_2_000000009
2025-02-18 08:03:59,600 - __main__ - INFO - Saved spectrogram with axes to augmentation/output/linear_spectrogram_with_axes/automated_linear_spectrogram_with_axes_level_2_000000009.png, spectrogram without axes to augmentation/output/linear_spectrogram_no_axes/automated_linear_spectrogram_no_axes_level_2_000000009.png, reconstructed audio to augmentation/output/audio/automated_audio_level_2_000000009.wav, and JSON metadata to augmentation/output/json/automated_audio_level_2_000000009.json.
2025-02-18 08:03:59,601 - noise_pipeline.random_noise_pipeline - INFO - Added Shape: wave_pattern -> WavePatternDBShape({'axis': 'freq', 'frequency': 8.032805138212773, 'strength_dB': 20.395476886511666})
2025-02-18 08:03:59,601 - noise_pipeline.random_noise_pipeline - INFO - Added Shape: horizontal_line -> HorizontalLineDBShape({'center_freq': 5804.303151898097, 'strength_dB': 24.79490824431469, 'thickness': 2})
2025-02-18 08:03:59,601 - noise_pipeline.random_noise_pipeline - INFO - Added Pattern: linear -> LinearPattern({'shape_name': 'horizontal_spike', 'shape_params': {'strength_dB': 21.648257145776057, 'center_freq': 5808.506541412802, 'center_time': 1.3120875331338058, 'radius_freq': 42.74434077930515, 'radius_time': 0.1282202700465338}, 'direction': 'freq', 'repeat': 3, 'spacing': 1.0})
2025-02-18 08:03:59,617 - __main__ - INFO - Achieved desired complexity level: 2 for file_id level_2_000000010
2025-02-18 08:03:59,804 - __main__ - INFO - Saved spectrogram with axes to augmentation/output/linear_spectrogram_with_axes/automated_linear_spectrogram_with_axes_level_2_000000010.png, spectrogram without axes to augmentation/output/linear_spectrogram_no_axes/automated_linear_spectrogram_no_axes_level_2_000000010.png, reconstructed audio to augmentation/output/audio/automated_audio_level_2_000000010.wav, and JSON metadata to augmentation/output/json/automated_audio_level_2_000000010.json.
2025-02-18 08:04:26,828 - __main__ - INFO - Starting batch generation of 10 files.
2025-02-18 08:04:26,828 - __main__ - INFO - Files distribution across levels: {1: 5, 2: 5}
2025-02-18 08:04:26,828 - __main__ - INFO - Generating 5 files for Level 1.
2025-02-18 08:04:26,829 - noise_pipeline.random_noise_pipeline - INFO - Added Shape: circle -> CircleDBShape({'center_freq': 2148.85110827224, 'center_time': 0.7315934669292086, 'radius_freq': 4942.72858273392, 'radius_time': 0.45289861799885023, 'strength_dB': 28.254314111590734})
2025-02-18 08:04:26,835 - __main__ - INFO - Achieved desired complexity level: 1 for file_id level_1_000000001
2025-02-18 08:04:27,187 - __main__ - INFO - Saved spectrogram with axes to augmentation/output/linear_spectrogram_with_axes/automated_linear_spectrogram_with_axes_level_1_000000001.png, spectrogram without axes to augmentation/output/linear_spectrogram_no_axes/automated_linear_spectrogram_no_axes_level_1_000000001.png, reconstructed audio to augmentation/output/audio/automated_audio_level_1_000000001.wav, and JSON metadata to augmentation/output/json/automated_audio_level_1_000000001.json.
2025-02-18 08:04:27,188 - noise_pipeline.random_noise_pipeline - INFO - Added Shape: rectangle -> RectangleDBShape({'freq_min': 2939.5990702809013, 'freq_max': 4135.795683463335, 'time_min': 0.2975869565937148, 'time_max': 1.944916780220368, 'strength_dB': 34.08341765752223})
2025-02-18 08:04:27,195 - __main__ - INFO - Achieved desired complexity level: 1 for file_id level_1_000000002
2025-02-18 08:04:27,397 - __main__ - INFO - Saved spectrogram with axes to augmentation/output/linear_spectrogram_with_axes/automated_linear_spectrogram_with_axes_level_1_000000002.png, spectrogram without axes to augmentation/output/linear_spectrogram_no_axes/automated_linear_spectrogram_no_axes_level_1_000000002.png, reconstructed audio to augmentation/output/audio/automated_audio_level_1_000000002.wav, and JSON metadata to augmentation/output/json/automated_audio_level_1_000000002.json.
2025-02-18 08:04:27,398 - noise_pipeline.random_noise_pipeline - INFO - Added Shape: wave_pattern -> WavePatternDBShape({'axis': 'freq', 'frequency': 7.511668713863254, 'strength_dB': 25.625852508844282})
2025-02-18 08:04:27,402 - __main__ - INFO - Achieved desired complexity level: 1 for file_id level_1_000000003
2025-02-18 08:04:27,597 - __main__ - INFO - Saved spectrogram with axes to augmentation/output/linear_spectrogram_with_axes/automated_linear_spectrogram_with_axes_level_1_000000003.png, spectrogram without axes to augmentation/output/linear_spectrogram_no_axes/automated_linear_spectrogram_no_axes_level_1_000000003.png, reconstructed audio to augmentation/output/audio/automated_audio_level_1_000000003.wav, and JSON metadata to augmentation/output/json/automated_audio_level_1_000000003.json.
2025-02-18 08:04:27,597 - noise_pipeline.random_noise_pipeline - INFO - Added Shape: rectangle -> RectangleDBShape({'freq_min': 2514.631362809757, 'freq_max': 4583.7884096699345, 'time_min': 1.2426585343607432, 'time_max': 1.6054585614848667, 'strength_dB': 34.124557384214405})
2025-02-18 08:04:27,602 - __main__ - INFO - Achieved desired complexity level: 1 for file_id level_1_000000004
2025-02-18 08:04:27,794 - __main__ - INFO - Saved spectrogram with axes to augmentation/output/linear_spectrogram_with_axes/automated_linear_spectrogram_with_axes_level_1_000000004.png, spectrogram without axes to augmentation/output/linear_spectrogram_no_axes/automated_linear_spectrogram_no_axes_level_1_000000004.png, reconstructed audio to augmentation/output/audio/automated_audio_level_1_000000004.wav, and JSON metadata to augmentation/output/json/automated_audio_level_1_000000004.json.
2025-02-18 08:04:27,795 - noise_pipeline.random_noise_pipeline - INFO - Added Shape: hill -> HillDBShape({'freq_center': 471.6777562417549, 'time_center': 2.139506536893955, 'freq_width': 204.38152516325704, 'time_width': 2.598840889425147, 'strength_dB': 38.18629271504977})
2025-02-18 08:04:27,802 - __main__ - INFO - Achieved desired complexity level: 1 for file_id level_1_000000005
2025-02-18 08:04:27,998 - __main__ - INFO - Saved spectrogram with axes to augmentation/output/linear_spectrogram_with_axes/automated_linear_spectrogram_with_axes_level_1_000000005.png, spectrogram without axes to augmentation/output/linear_spectrogram_no_axes/automated_linear_spectrogram_no_axes_level_1_000000005.png, reconstructed audio to augmentation/output/audio/automated_audio_level_1_000000005.wav, and JSON metadata to augmentation/output/json/automated_audio_level_1_000000005.json.
2025-02-18 08:04:27,998 - __main__ - INFO - Generating 5 files for Level 2.
2025-02-18 08:04:27,998 - noise_pipeline.random_noise_pipeline - INFO - Added Shape: horizontal_spike -> HorizontalSpikeDBShape({'center_freq': 4431.892529180315, 'center_time': 1.327858334822368, 'radius_freq': 47.78619262125307, 'radius_time': 0.1538639867831983, 'strength_dB': 27.786682358455508})
2025-02-18 08:04:27,998 - noise_pipeline.random_noise_pipeline - INFO - Added Shape: polygon -> PolygonDBShape({'vertices': [[3159.0381781645547, 1.0243349242381052], [3313.0666846990216, 1.4924792420500244], [1834.2177017995637, 1.3738013085517837]], 'strength_dB': 29.792417353455328})
2025-02-18 08:04:27,998 - noise_pipeline.random_noise_pipeline - INFO - Added Pattern: linear -> LinearPattern({'shape_name': 'vertical_spike', 'shape_params': {'strength_dB': 22.475863867986522, 'center_freq': 6.642115659228718, 'center_time': 1.6124953251390175, 'radius_freq': 1444.0770333147257, 'radius_time': 0.08346981848521487}, 'direction': 'time', 'repeat': 3, 'spacing': 1.0})
2025-02-18 08:04:28,012 - __main__ - INFO - Achieved desired complexity level: 2 for file_id level_2_000000006
2025-02-18 08:04:28,253 - __main__ - INFO - Saved spectrogram with axes to augmentation/output/linear_spectrogram_with_axes/automated_linear_spectrogram_with_axes_level_2_000000006.png, spectrogram without axes to augmentation/output/linear_spectrogram_no_axes/automated_linear_spectrogram_no_axes_level_2_000000006.png, reconstructed audio to augmentation/output/audio/automated_audio_level_2_000000006.wav, and JSON metadata to augmentation/output/json/automated_audio_level_2_000000006.json.
2025-02-18 08:04:28,254 - noise_pipeline.random_noise_pipeline - INFO - Added Shape: rectangle -> RectangleDBShape({'freq_min': 2613.1749132085574, 'freq_max': 5180.403573270695, 'time_min': 0.7595513538069295, 'time_max': 1.4549699736499782, 'strength_dB': 33.95569400055215})
2025-02-18 08:04:28,254 - noise_pipeline.random_noise_pipeline - INFO - Added Shape: horizontal_line -> HorizontalLineDBShape({'center_freq': 1537.2569571345878, 'strength_dB': 27.69439166960884, 'thickness': 1})
2025-02-18 08:04:28,254 - noise_pipeline.random_noise_pipeline - INFO - Added Pattern: linear -> LinearPattern({'shape_name': 'vertical_line', 'shape_params': {'strength_dB': 36.94772086651754, 'center_time': 1.4256365497690078, 'thickness': 2}, 'direction': 'time', 'repeat': 3, 'spacing': 1.0})
2025-02-18 08:04:28,258 - __main__ - INFO - Achieved desired complexity level: 2 for file_id level_2_000000007
2025-02-18 08:04:28,477 - __main__ - INFO - Saved spectrogram with axes to augmentation/output/linear_spectrogram_with_axes/automated_linear_spectrogram_with_axes_level_2_000000007.png, spectrogram without axes to augmentation/output/linear_spectrogram_no_axes/automated_linear_spectrogram_no_axes_level_2_000000007.png, reconstructed audio to augmentation/output/audio/automated_audio_level_2_000000007.wav, and JSON metadata to augmentation/output/json/automated_audio_level_2_000000007.json.
2025-02-18 08:04:28,477 - noise_pipeline.random_noise_pipeline - INFO - Added Shape: trapezoid -> TrapezoidDBShape({'freq_min': 5972.470410851569, 'freq_max': 7464.461923263513, 'time_min': 0.5031259266300231, 'time_max': 1.149651353687831, 'slope_freq': 0.7873013914890934, 'slope_time': 1.4042521893002402, 'strength_dB': 29.474444019449347})
2025-02-18 08:04:28,477 - noise_pipeline.random_noise_pipeline - INFO - Added Shape: polygon -> PolygonDBShape({'vertices': [[872.0710142190893, 2.04389612005228], [1099.1749610128456, 2.042347127292612], [1245.7865713868016, 2.0530963266585]], 'strength_dB': 36.87924580587871})
2025-02-18 08:04:28,477 - noise_pipeline.random_noise_pipeline - INFO - Added Pattern: n_linear_repeat_t_sleep -> NLinearRepeatTSleepPattern({'shape_name': 'trapezoid', 'shape_params': {'strength_dB': 34.46061403517821, 'freq_min': 82.60520968601082, 'freq_max': 7403.726603184341, 'time_min': 1.1212927614291868, 'time_max': 2.710514843609439, 'slope_freq': 0.9019055895689236, 'slope_time': 0.41381581046691207}, 'repeat': 3, 'repeat_time': 0.5, 'repeat_hz': 500.0, 'sleep_time': 1.0, 'start_time': 0.0, 'direction': 'time'})
2025-02-18 08:04:28,551 - __main__ - INFO - Achieved desired complexity level: 2 for file_id level_2_000000008
2025-02-18 08:04:28,737 - __main__ - INFO - Saved spectrogram with axes to augmentation/output/linear_spectrogram_with_axes/automated_linear_spectrogram_with_axes_level_2_000000008.png, spectrogram without axes to augmentation/output/linear_spectrogram_no_axes/automated_linear_spectrogram_no_axes_level_2_000000008.png, reconstructed audio to augmentation/output/audio/automated_audio_level_2_000000008.wav, and JSON metadata to augmentation/output/json/automated_audio_level_2_000000008.json.
2025-02-18 08:04:28,737 - noise_pipeline.random_noise_pipeline - INFO - Added Shape: trapezoid -> TrapezoidDBShape({'freq_min': 6.750463122056516, 'freq_max': 6753.944365024198, 'time_min': 0.023045423423717848, 'time_max': 1.461821056963459, 'slope_freq': 0.9637150996773014, 'slope_time': 1.2446708783880476, 'strength_dB': 32.61636963944659})
2025-02-18 08:04:28,737 - noise_pipeline.random_noise_pipeline - INFO - Added Shape: horizontal_range_dist_db -> HorizontalRangeDistributionDBShape({'freq_min': 1813.598197532279, 'freq_max': 1913.598197532279, 'strength_dB': 28.97734812859902, 'distribution': 'gaussian', 'distribution_params': {'sigma': 1093.7726421196298}})
2025-02-18 08:04:28,737 - noise_pipeline.random_noise_pipeline - INFO - Added Pattern: linear -> LinearPattern({'shape_name': 'vertical_spike', 'shape_params': {'strength_dB': 35.878583458782565, 'center_freq': 2.988341711422464, 'center_time': 1.2525650727234101, 'radius_freq': 2409.5247651441073, 'radius_time': 0.1504003628733607}, 'direction': 'time', 'repeat': 3, 'spacing': 1.0})
2025-02-18 08:04:28,765 - __main__ - INFO - Achieved desired complexity level: 2 for file_id level_2_000000009
2025-02-18 08:04:28,949 - __main__ - INFO - Saved spectrogram with axes to augmentation/output/linear_spectrogram_with_axes/automated_linear_spectrogram_with_axes_level_2_000000009.png, spectrogram without axes to augmentation/output/linear_spectrogram_no_axes/automated_linear_spectrogram_no_axes_level_2_000000009.png, reconstructed audio to augmentation/output/audio/automated_audio_level_2_000000009.wav, and JSON metadata to augmentation/output/json/automated_audio_level_2_000000009.json.
2025-02-18 08:04:28,950 - noise_pipeline.random_noise_pipeline - INFO - Added Shape: hill -> HillDBShape({'freq_center': 5062.041458026225, 'time_center': 1.3540367708035206, 'freq_width': 5064.945643059641, 'time_width': 1.1388963921344508, 'strength_dB': 33.68555556506268})
2025-02-18 08:04:28,950 - noise_pipeline.random_noise_pipeline - INFO - Added Shape: rectangle -> RectangleDBShape({'freq_min': 914.5475048063165, 'freq_max': 5509.3549839458565, 'time_min': 1.9207156734038597, 'time_max': 2.404377661383203, 'strength_dB': 30.784205058187986})
2025-02-18 08:04:28,950 - noise_pipeline.random_noise_pipeline - INFO - Added Pattern: linear -> LinearPattern({'shape_name': 'horizontal_line', 'shape_params': {'strength_dB': 35.10378119014987, 'center_freq': 2171.2529113857013, 'thickness': 3}, 'direction': 'freq', 'repeat': 3, 'spacing': 1.0})
2025-02-18 08:04:28,955 - __main__ - INFO - Achieved desired complexity level: 2 for file_id level_2_000000010
2025-02-18 08:04:29,150 - __main__ - INFO - Saved spectrogram with axes to augmentation/output/linear_spectrogram_with_axes/automated_linear_spectrogram_with_axes_level_2_000000010.png, spectrogram without axes to augmentation/output/linear_spectrogram_no_axes/automated_linear_spectrogram_no_axes_level_2_000000010.png, reconstructed audio to augmentation/output/audio/automated_audio_level_2_000000010.wav, and JSON metadata to augmentation/output/json/automated_audio_level_2_000000010.json.
